2026-02-13 17:58:36 - src.core.audio.enhanced_audio - WARNING - ГўЕЎВ ГЇВёВЏ faster-whisper not available - STT disabled: [WinError 4551] Uma polГ­tica de Controle de Aplicativo bloqueou este arquivo
2026-02-13 17:58:37 - src.core.audio.enhanced_audio - WARNING - ГўЕЎВ ГЇВёВЏ torch not available - advanced audio features disabled: Could not load this library: C:\Users\willi\Documents\GitHub\PROJECT_JARVIS_5.0\venv\Lib\site-packages\torchaudio\lib\libtorchaudio.pyd
2026-02-13 17:58:37 - src.core.audio.enhanced_audio - WARNING - ГўЕЎВ ГЇВёВЏ resemblyzer not available - speaker verification disabled: No module named 'resemblyzer'
2026-02-13 17:58:37 - src.core.audio.enhanced_audio - WARNING - ГўЕЎВ ГЇВёВЏ Wake Word detection (Porcupine) disabled - requirements missing
2026-02-13 17:58:37 - src.core.audio.enhanced_audio - WARNING - ГўЕЎВ ГЇВёВЏ Noise reduction disabled - install noisereduce
2026-02-13 18:15:49 - src.core.audio.enhanced_audio - WARNING - ГўЕЎВ ГЇВёВЏ faster-whisper not available - STT disabled: [WinError 4551] Uma polГ­tica de Controle de Aplicativo bloqueou este arquivo
2026-02-13 18:15:49 - src.core.audio.enhanced_audio - WARNING - ГўЕЎВ ГЇВёВЏ torch not available - advanced audio features disabled: Could not load this library: C:\Users\willi\Documents\GitHub\PROJECT_JARVIS_5.0\venv\Lib\site-packages\torchaudio\lib\libtorchaudio.pyd
2026-02-13 18:15:49 - src.core.audio.enhanced_audio - WARNING - ГўЕЎВ ГЇВёВЏ resemblyzer not available - speaker verification disabled: No module named 'resemblyzer'
2026-02-13 18:15:49 - src.core.audio.enhanced_audio - WARNING - ГўЕЎВ ГЇВёВЏ Wake Word detection (Porcupine) disabled - requirements missing
2026-02-13 18:15:49 - src.core.audio.enhanced_audio - WARNING - ГўЕЎВ ГЇВёВЏ Noise reduction disabled - install noisereduce
2026-02-13 18:39:21 - src.core.audio.enhanced_audio - WARNING - ГўЕЎВ ГЇВёВЏ faster-whisper not available - STT disabled: [WinError 4551] Uma polГ­tica de Controle de Aplicativo bloqueou este arquivo
2026-02-13 18:39:21 - src.core.audio.enhanced_audio - WARNING - ГўЕЎВ ГЇВёВЏ torch not available - advanced audio features disabled: Could not load this library: C:\Users\willi\Documents\GitHub\PROJECT_JARVIS_5.0\venv\Lib\site-packages\torchaudio\lib\libtorchaudio.pyd
2026-02-13 18:39:21 - src.core.audio.enhanced_audio - WARNING - ГўЕЎВ ГЇВёВЏ resemblyzer not available - speaker verification disabled: No module named 'resemblyzer'
2026-02-13 18:39:21 - src.core.audio.enhanced_audio - WARNING - ГўЕЎВ ГЇВёВЏ Wake Word detection (Porcupine) disabled - requirements missing
2026-02-13 18:39:21 - src.core.audio.enhanced_audio - WARNING - ГўЕЎВ ГЇВёВЏ Noise reduction disabled - install noisereduce
2026-02-13 18:44:50 - src.core.audio.enhanced_audio - WARNING - ГўЕЎВ ГЇВёВЏ faster-whisper not available - STT disabled: [WinError 4551] Uma polГ­tica de Controle de Aplicativo bloqueou este arquivo
2026-02-13 18:44:50 - src.core.audio.enhanced_audio - WARNING - ГўЕЎВ ГЇВёВЏ torch not available - advanced audio features disabled: Could not load this library: C:\Users\willi\Documents\GitHub\PROJECT_JARVIS_5.0\venv\Lib\site-packages\torchaudio\lib\libtorchaudio.pyd
2026-02-13 18:44:50 - src.core.audio.enhanced_audio - WARNING - ГўЕЎВ ГЇВёВЏ resemblyzer not available - speaker verification disabled: No module named 'resemblyzer'
2026-02-13 18:44:50 - src.core.audio.enhanced_audio - WARNING - ГўЕЎВ ГЇВёВЏ Wake Word detection (Porcupine) disabled - requirements missing
2026-02-13 18:44:50 - src.core.audio.enhanced_audio - WARNING - ГўЕЎВ ГЇВёВЏ Noise reduction disabled - install noisereduce
2026-02-13 18:44:59 - src.core.audio.enhanced_audio - INFO - ГўЕ“вЂ¦ VAD-based Wake Word enabled (Always Listen Mode)
2026-02-13 18:44:59 - src.core.audio.enhanced_audio - INFO - ГўЕ“вЂ¦ Enhanced Audio System initialized (Passive Mode)
2026-02-13 18:44:59 - src.core.audio.enhanced_audio - INFO -    Faster-Whisper: ГўВќЕ’
2026-02-13 18:44:59 - src.core.audio.enhanced_audio - INFO -    PyAudio: ГўЕ“вЂ¦
2026-02-13 18:44:59 - src.core.audio.enhanced_audio - INFO -    Speaker Verification: ГўВќЕ’
2026-02-13 18:44:59 - src.core.audio.enhanced_audio - INFO - Г°ЕёЕЎв‚¬ Audio System: Iniciando carregamento neural post-boot...
2026-02-13 18:45:21 - src.core.audio.enhanced_audio - INFO - ГўЕ“вЂ¦ Audio listening started
2026-02-13 18:56:13 - src.core.audio.enhanced_audio - WARNING - ГўЕЎВ ГЇВёВЏ faster-whisper not available - STT disabled: [WinError 4551] Uma polГ­tica de Controle de Aplicativo bloqueou este arquivo
2026-02-13 18:56:13 - src.core.audio.enhanced_audio - WARNING - ГўЕЎВ ГЇВёВЏ torch not available - advanced audio features disabled: Could not load this library: C:\Users\willi\Documents\GitHub\PROJECT_JARVIS_5.0\venv\Lib\site-packages\torchaudio\lib\libtorchaudio.pyd
2026-02-13 18:56:13 - src.core.audio.enhanced_audio - WARNING - ГўЕЎВ ГЇВёВЏ resemblyzer not available - speaker verification disabled: No module named 'resemblyzer'
2026-02-13 18:56:13 - src.core.audio.enhanced_audio - WARNING - ГўЕЎВ ГЇВёВЏ Wake Word detection (Porcupine) disabled - requirements missing
2026-02-13 18:56:13 - src.core.audio.enhanced_audio - WARNING - ГўЕЎВ ГЇВёВЏ Noise reduction disabled - install noisereduce
2026-02-13 18:56:17 - src.core.audio.enhanced_audio - WARNING - ГўЕЎВ ГЇВёВЏ faster-whisper not available - STT disabled: [WinError 4551] Uma polГ­tica de Controle de Aplicativo bloqueou este arquivo
2026-02-13 18:56:17 - src.core.audio.enhanced_audio - WARNING - ГўЕЎВ ГЇВёВЏ torch not available - advanced audio features disabled: Could not load this library: C:\Users\willi\Documents\GitHub\PROJECT_JARVIS_5.0\venv\Lib\site-packages\torchaudio\lib\libtorchaudio.pyd
2026-02-13 18:56:17 - src.core.audio.enhanced_audio - WARNING - ГўЕЎВ ГЇВёВЏ resemblyzer not available - speaker verification disabled: No module named 'resemblyzer'
2026-02-13 18:56:17 - src.core.audio.enhanced_audio - WARNING - ГўЕЎВ ГЇВёВЏ Wake Word detection (Porcupine) disabled - requirements missing
2026-02-13 18:56:17 - src.core.audio.enhanced_audio - WARNING - ГўЕЎВ ГЇВёВЏ Noise reduction disabled - install noisereduce
2026-02-13 18:56:22 - src.core.audio.enhanced_audio - INFO - ГўЕ“вЂ¦ VAD-based Wake Word enabled (Always Listen Mode)
2026-02-13 18:56:22 - src.core.audio.enhanced_audio - INFO - ГўЕ“вЂ¦ Enhanced Audio System initialized (Passive Mode)
2026-02-13 18:56:22 - src.core.audio.enhanced_audio - INFO -    Faster-Whisper: ГўВќЕ’
2026-02-13 18:56:22 - src.core.audio.enhanced_audio - INFO -    PyAudio: ГўЕ“вЂ¦
2026-02-13 18:56:22 - src.core.audio.enhanced_audio - INFO -    Speaker Verification: ГўВќЕ’
2026-02-13 18:56:22 - src.core.audio.enhanced_audio - INFO - Г°ЕёЕЎв‚¬ Audio System: Iniciando carregamento neural post-boot...
2026-02-13 18:56:22 - src.core.audio.enhanced_audio - INFO - ГўЕ“вЂ¦ VAD-based Wake Word enabled (Always Listen Mode)
2026-02-13 18:56:22 - src.core.audio.enhanced_audio - INFO - ГўЕ“вЂ¦ Enhanced Audio System initialized (Passive Mode)
2026-02-13 18:56:22 - src.core.audio.enhanced_audio - INFO -    Faster-Whisper: ГўВќЕ’
2026-02-13 18:56:22 - src.core.audio.enhanced_audio - INFO -    PyAudio: ГўЕ“вЂ¦
2026-02-13 18:56:22 - src.core.audio.enhanced_audio - INFO -    Speaker Verification: ГўВќЕ’
2026-02-13 18:56:22 - src.core.audio.enhanced_audio - INFO - Г°ЕёЕЎв‚¬ Audio System: Iniciando carregamento neural post-boot...
2026-02-13 18:56:26 - src.core.audio.enhanced_audio - INFO - ГўЕ“вЂ¦ Audio listening stopped
2026-02-13 18:57:38 - src.core.audio.enhanced_audio - WARNING - ГўЕЎВ ГЇВёВЏ faster-whisper not available - STT disabled: [WinError 4551] Uma polГ­tica de Controle de Aplicativo bloqueou este arquivo
2026-02-13 18:57:38 - src.core.audio.enhanced_audio - WARNING - ГўЕЎВ ГЇВёВЏ torch not available - advanced audio features disabled: Could not load this library: C:\Users\willi\Documents\GitHub\PROJECT_JARVIS_5.0\venv\Lib\site-packages\torchaudio\lib\libtorchaudio.pyd
2026-02-13 18:57:38 - src.core.audio.enhanced_audio - WARNING - ГўЕЎВ ГЇВёВЏ resemblyzer not available - speaker verification disabled: No module named 'resemblyzer'
2026-02-13 18:57:38 - src.core.audio.enhanced_audio - WARNING - ГўЕЎВ ГЇВёВЏ Wake Word detection (Porcupine) disabled - requirements missing
2026-02-13 18:57:38 - src.core.audio.enhanced_audio - WARNING - ГўЕЎВ ГЇВёВЏ Noise reduction disabled - install noisereduce
2026-02-13 18:57:48 - src.core.audio.enhanced_audio - INFO - ГўЕ“вЂ¦ VAD-based Wake Word enabled (Always Listen Mode)
2026-02-13 18:57:48 - src.core.audio.enhanced_audio - INFO - ГўЕ“вЂ¦ Enhanced Audio System initialized (Passive Mode)
2026-02-13 18:57:48 - src.core.audio.enhanced_audio - INFO -    Faster-Whisper: ГўВќЕ’
2026-02-13 18:57:48 - src.core.audio.enhanced_audio - INFO -    PyAudio: ГўЕ“вЂ¦
2026-02-13 18:57:48 - src.core.audio.enhanced_audio - INFO -    Speaker Verification: ГўВќЕ’
2026-02-13 18:57:48 - src.core.audio.enhanced_audio - INFO - Г°ЕёЕЎв‚¬ Audio System: Iniciando carregamento neural post-boot...
2026-02-13 18:58:11 - src.core.audio.enhanced_audio - INFO - ГўЕ“вЂ¦ Audio listening started
2026-02-13 19:04:32 - src.core.audio.enhanced_audio - WARNING - ГўЕЎВ ГЇВёВЏ faster-whisper not available - STT disabled: No module named 'faster_whisper'
2026-02-13 19:04:32 - src.core.audio.enhanced_audio - WARNING - ГўЕЎВ ГЇВёВЏ torch not available - advanced audio features disabled: No module named 'torchaudio'
2026-02-13 19:04:32 - src.core.audio.enhanced_audio - WARNING - ГўЕЎВ ГЇВёВЏ resemblyzer not available - speaker verification disabled: No module named 'resemblyzer'
2026-02-13 19:04:32 - src.core.audio.enhanced_audio - WARNING - ГўЕЎВ ГЇВёВЏ Wake Word detection (Porcupine) disabled - requirements missing
2026-02-13 19:04:32 - src.core.audio.enhanced_audio - WARNING - ГўЕЎВ ГЇВёВЏ Noise reduction disabled - install noisereduce
2026-02-13 19:04:32 - src.core.audio.enhanced_audio - INFO - ГўЕ“вЂ¦ VAD-based Wake Word enabled (Always Listen Mode)
2026-02-13 19:04:32 - src.core.audio.enhanced_audio - INFO - ГўЕ“вЂ¦ Enhanced Audio System initialized (Passive Mode)
2026-02-13 19:04:32 - src.core.audio.enhanced_audio - INFO -    Faster-Whisper: ГўВќЕ’
2026-02-13 19:04:32 - src.core.audio.enhanced_audio - INFO -    PyAudio: ГўЕ“вЂ¦
2026-02-13 19:04:32 - src.core.audio.enhanced_audio - INFO -    Speaker Verification: ГўВќЕ’
2026-02-13 19:08:14 - src.core.audio.enhanced_audio - WARNING - ГўЕЎВ ГЇВёВЏ faster-whisper not available - STT disabled: No module named 'faster_whisper'
2026-02-13 19:08:14 - src.core.audio.enhanced_audio - WARNING - ГўЕЎВ ГЇВёВЏ torch not available - advanced audio features disabled: No module named 'torchaudio'
2026-02-13 19:08:14 - src.core.audio.enhanced_audio - WARNING - ГўЕЎВ ГЇВёВЏ resemblyzer not available - speaker verification disabled: No module named 'resemblyzer'
2026-02-13 19:08:14 - src.core.audio.enhanced_audio - WARNING - ГўЕЎВ ГЇВёВЏ Wake Word detection (Porcupine) disabled - requirements missing
2026-02-13 19:08:14 - src.core.audio.enhanced_audio - WARNING - ГўЕЎВ ГЇВёВЏ Noise reduction disabled - install noisereduce
2026-02-13 19:08:14 - src.core.audio.enhanced_audio - INFO - ГўЕ“вЂ¦ VAD-based Wake Word enabled (Always Listen Mode)
2026-02-13 19:08:14 - src.core.audio.enhanced_audio - INFO - ГўЕ“вЂ¦ Enhanced Audio System initialized (Passive Mode)
2026-02-13 19:08:14 - src.core.audio.enhanced_audio - INFO -    Faster-Whisper: ГўВќЕ’
2026-02-13 19:08:14 - src.core.audio.enhanced_audio - INFO -    PyAudio: ГўЕ“вЂ¦
2026-02-13 19:08:14 - src.core.audio.enhanced_audio - INFO -    Speaker Verification: ГўВќЕ’
2026-02-13 19:09:32 - src.core.audio.enhanced_audio - WARNING - ГўЕЎВ ГЇВёВЏ faster-whisper not available - STT disabled: [WinError 4551] Uma polГ­tica de Controle de Aplicativo bloqueou este arquivo
2026-02-13 19:09:32 - src.core.audio.enhanced_audio - WARNING - ГўЕЎВ ГЇВёВЏ torch not available - advanced audio features disabled: Could not load this library: C:\Users\willi\Documents\GitHub\PROJECT_JARVIS_5.0\venv\Lib\site-packages\torchaudio\lib\libtorchaudio.pyd
2026-02-13 19:09:32 - src.core.audio.enhanced_audio - WARNING - ГўЕЎВ ГЇВёВЏ resemblyzer not available - speaker verification disabled: No module named 'resemblyzer'
2026-02-13 19:09:32 - src.core.audio.enhanced_audio - WARNING - ГўЕЎВ ГЇВёВЏ Wake Word detection (Porcupine) disabled - requirements missing
2026-02-13 19:09:32 - src.core.audio.enhanced_audio - WARNING - ГўЕЎВ ГЇВёВЏ Noise reduction disabled - install noisereduce
2026-02-13 19:09:34 - src.core.audio.enhanced_audio - INFO - ГўЕ“вЂ¦ VAD-based Wake Word enabled (Always Listen Mode)
2026-02-13 19:09:34 - src.core.audio.enhanced_audio - INFO - ГўЕ“вЂ¦ Enhanced Audio System initialized (Passive Mode)
2026-02-13 19:09:34 - src.core.audio.enhanced_audio - INFO -    Faster-Whisper: ГўВќЕ’
2026-02-13 19:09:34 - src.core.audio.enhanced_audio - INFO -    PyAudio: ГўЕ“вЂ¦
2026-02-13 19:09:34 - src.core.audio.enhanced_audio - INFO -    Speaker Verification: ГўВќЕ’
2026-02-13 19:09:34 - src.core.audio.enhanced_audio - INFO - Г°ЕёЕЎв‚¬ Audio System: Iniciando carregamento neural post-boot...
2026-02-13 19:10:07 - src.core.audio.enhanced_audio - INFO - ГўЕ“вЂ¦ Audio listening started
