2026-02-13 16:13:49,734 - INFO - [INFO] Projeto detectado em: C:\Users\willi\Documents\GitHub\PROJECT_JARVIS_5.0
2026-02-13 16:13:49,734 - INFO - [START] INICIANDO INSTALACAO JARVIS 5.0 (CORRIGIDA)
2026-02-13 16:13:49,735 - INFO - ++ Executando: C:\Users\willi\Documents\GitHub\PROJECT_JARVIS_5.0\venv\Scripts\python.exe -m pip install --upgrade...
2026-02-13 16:13:57,961 - INFO - [SYS] Instalando PyTorch 2.4+...
2026-02-13 16:14:00,726 - INFO - [GPU] GPU detectada! Instalando PyTorch 2.4+ CUDA 12.1...
2026-02-13 16:14:00,726 - INFO - ++ Executando: C:\Users\willi\Documents\GitHub\PROJECT_JARVIS_5.0\venv\Scripts\python.exe -m pip install torch>=2.4.0...
2026-02-13 16:19:18,216 - INFO - [DOWN] Instalando dependencias basicas...
2026-02-13 16:19:18,222 - INFO - ++ Executando: C:\Users\willi\Documents\GitHub\PROJECT_JARVIS_5.0\venv\Scripts\python.exe -m pip install numpy==1.26.4...
2026-02-13 16:19:25,352 - INFO - ++ Executando: C:\Users\willi\Documents\GitHub\PROJECT_JARVIS_5.0\venv\Scripts\python.exe -m pip install pandas...
2026-02-13 16:19:39,325 - INFO - ++ Executando: C:\Users\willi\Documents\GitHub\PROJECT_JARVIS_5.0\venv\Scripts\python.exe -m pip install scipy...
2026-02-13 16:19:55,077 - INFO - ++ Executando: C:\Users\willi\Documents\GitHub\PROJECT_JARVIS_5.0\venv\Scripts\python.exe -m pip install pyyaml...
2026-02-13 16:19:56,982 - INFO - ++ Executando: C:\Users\willi\Documents\GitHub\PROJECT_JARVIS_5.0\venv\Scripts\python.exe -m pip install python-dotenv...
2026-02-13 16:19:58,162 - INFO - ++ Executando: C:\Users\willi\Documents\GitHub\PROJECT_JARVIS_5.0\venv\Scripts\python.exe -m pip install PyQt6...
2026-02-13 16:20:13,474 - INFO - ++ Executando: C:\Users\willi\Documents\GitHub\PROJECT_JARVIS_5.0\venv\Scripts\python.exe -m pip install customtkinter...
2026-02-13 16:20:15,971 - INFO - ++ Executando: C:\Users\willi\Documents\GitHub\PROJECT_JARVIS_5.0\venv\Scripts\python.exe -m pip install pillow...
2026-02-13 16:20:16,603 - INFO - ++ Executando: C:\Users\willi\Documents\GitHub\PROJECT_JARVIS_5.0\venv\Scripts\python.exe -m pip install opencv-python...
2026-02-13 16:20:29,399 - INFO - ++ Executando: C:\Users\willi\Documents\GitHub\PROJECT_JARVIS_5.0\venv\Scripts\python.exe -m pip install mss...
2026-02-13 16:20:30,817 - INFO - ++ Executando: C:\Users\willi\Documents\GitHub\PROJECT_JARVIS_5.0\venv\Scripts\python.exe -m pip install --force-reinstall...
2026-02-13 16:20:36,242 - INFO - ++ Executando: C:\Users\willi\Documents\GitHub\PROJECT_JARVIS_5.0\venv\Scripts\python.exe -m pip install ultralytics...
2026-02-13 16:21:06,349 - INFO - ++ Executando: C:\Users\willi\Documents\GitHub\PROJECT_JARVIS_5.0\venv\Scripts\python.exe -m pip install easyocr...
2026-02-13 16:21:16,381 - INFO - ++ Executando: C:\Users\willi\Documents\GitHub\PROJECT_JARVIS_5.0\venv\Scripts\python.exe -m pip install --force-reinstall...
2026-02-13 16:21:22,309 - INFO - [DOWN] Baixando dlib wheel: dlib-19.24.0-cp311-cp311-win_amd64.whl
2026-02-13 16:21:22,967 - WARNING - [WARN] Falha ao baixar de https://github.com/z-mahmud22/Dlib_Wheels/releases/download/v19.24.0/dlib-19.24.0-cp311-cp311-win_amd64.whl: HTTP Error 404: Not Found
2026-02-13 16:21:22,968 - INFO - [DOWN] Baixando dlib wheel: dlib-19.24.0-cp311-cp311-win_amd64.whl
2026-02-13 16:21:23,504 - WARNING - [WARN] Falha ao baixar de https://github.com/sachadee/Dlib-builds/releases/download/v19.24.0/dlib-19.24.0-cp311-cp311-win_amd64.whl: HTTP Error 404: Not Found
2026-02-13 16:21:23,505 - INFO - [DOWN] Baixando dlib wheel: dlib-19.24.1-cp311-cp311-win_amd64.whl
2026-02-13 16:21:24,993 - INFO - [SYS] Instalando dlib via wheel local: C:\Users\willi\AppData\Local\Temp\dlib-19.24.1-cp311-cp311-win_amd64.whl
2026-02-13 16:21:24,993 - INFO - ++ Executando: C:\Users\willi\Documents\GitHub\PROJECT_JARVIS_5.0\venv\Scripts\python.exe -m pip install C:\Users\willi\AppData\Local\Temp\dlib-19.24.1-cp311-cp311-win_amd64.whl...
2026-02-13 16:21:25,758 - INFO - [SYS] Instalando face_recognition completo...
2026-02-13 16:21:25,758 - INFO - [DOWN] Instalando face_recognition_models via git...
2026-02-13 16:21:25,759 - INFO - ++ Executando: C:\Users\willi\Documents\GitHub\PROJECT_JARVIS_5.0\venv\Scripts\python.exe -m pip install git+https://github.com/ageitgey/face_recognition_models...
2026-02-13 16:21:52,491 - INFO - ++ Executando: C:\Users\willi\Documents\GitHub\PROJECT_JARVIS_5.0\venv\Scripts\python.exe -m pip install face-recognition>=1.3.0...
2026-02-13 16:21:54,759 - INFO - [SYS] Instalando dependencias faltantes criticas...
2026-02-13 16:21:54,759 - INFO - ++ Executando: C:\Users\willi\Documents\GitHub\PROJECT_JARVIS_5.0\venv\Scripts\python.exe -m pip install typing...
2026-02-13 16:21:59,206 - INFO - ++ Executando: C:\Users\willi\Documents\GitHub\PROJECT_JARVIS_5.0\venv\Scripts\python.exe -m pip install webrtcvad>=2.0.10...
2026-02-13 16:22:03,609 - INFO - [DOWN] Instalando dependencias restantes (Voz, Web, etc.)...
2026-02-13 16:22:03,609 - INFO - ++ Executando: C:\Users\willi\Documents\GitHub\PROJECT_JARVIS_5.0\venv\Scripts\python.exe -m pip install optimum-intel[openvino,nncf]>=1.18.0...
2026-02-13 16:22:05,910 - INFO - ++ Executando: C:\Users\willi\Documents\GitHub\PROJECT_JARVIS_5.0\venv\Scripts\python.exe -m pip install openvino-dev>=2024.1.0...
2026-02-13 16:22:13,228 - INFO - ++ Executando: C:\Users\willi\Documents\GitHub\PROJECT_JARVIS_5.0\venv\Scripts\python.exe -m pip install onnxruntime>=1.17.0,<1.18.0...
2026-02-13 16:22:17,809 - INFO - ++ Executando: C:\Users\willi\Documents\GitHub\PROJECT_JARVIS_5.0\venv\Scripts\python.exe -m pip install transformers>=4.36,<4.54...
2026-02-13 16:22:39,789 - INFO - ++ Executando: C:\Users\willi\Documents\GitHub\PROJECT_JARVIS_5.0\venv\Scripts\python.exe -m pip install tokenizers...
2026-02-13 16:22:40,514 - INFO - ++ Executando: C:\Users\willi\Documents\GitHub\PROJECT_JARVIS_5.0\venv\Scripts\python.exe -m pip install sentence-transformers...
2026-02-13 16:22:54,872 - INFO - ++ Executando: C:\Users\willi\Documents\GitHub\PROJECT_JARVIS_5.0\venv\Scripts\python.exe -m pip install accelerate...
2026-02-13 16:22:57,202 - INFO - ++ Executando: C:\Users\willi\Documents\GitHub\PROJECT_JARVIS_5.0\venv\Scripts\python.exe -m pip install SpeechRecognition...
2026-02-13 16:22:59,724 - INFO - ++ Executando: C:\Users\willi\Documents\GitHub\PROJECT_JARVIS_5.0\venv\Scripts\python.exe -m pip install pyaudio...
2026-02-13 16:23:01,574 - INFO - ++ Executando: C:\Users\willi\Documents\GitHub\PROJECT_JARVIS_5.0\venv\Scripts\python.exe -m pip install pyttsx3...
2026-02-13 16:23:06,880 - INFO - ++ Executando: C:\Users\willi\Documents\GitHub\PROJECT_JARVIS_5.0\venv\Scripts\python.exe -m pip install edge-tts...
2026-02-13 16:23:13,327 - INFO - ++ Executando: C:\Users\willi\Documents\GitHub\PROJECT_JARVIS_5.0\venv\Scripts\python.exe -m pip install librosa...
2026-02-13 16:23:30,717 - INFO - ++ Executando: C:\Users\willi\Documents\GitHub\PROJECT_JARVIS_5.0\venv\Scripts\python.exe -m pip install soundfile...
2026-02-13 16:23:32,677 - INFO - ++ Executando: C:\Users\willi\Documents\GitHub\PROJECT_JARVIS_5.0\venv\Scripts\python.exe -m pip install faster-whisper...
2026-02-13 16:23:41,416 - INFO - ++ Executando: C:\Users\willi\Documents\GitHub\PROJECT_JARVIS_5.0\venv\Scripts\python.exe -m pip install webrtcvad-wheels...
2026-02-13 16:23:46,760 - INFO - ++ Executando: C:\Users\willi\Documents\GitHub\PROJECT_JARVIS_5.0\venv\Scripts\python.exe -m pip install pytesseract...
2026-02-13 16:23:52,148 - INFO - ++ Executando: C:\Users\willi\Documents\GitHub\PROJECT_JARVIS_5.0\venv\Scripts\python.exe -m pip install pyautogui...
2026-02-13 16:23:54,545 - INFO - ++ Executando: C:\Users\willi\Documents\GitHub\PROJECT_JARVIS_5.0\venv\Scripts\python.exe -m pip install psutil...
2026-02-13 16:23:55,472 - INFO - ++ Executando: C:\Users\willi\Documents\GitHub\PROJECT_JARVIS_5.0\venv\Scripts\python.exe -m pip install chromadb...
2026-02-13 16:24:45,684 - INFO - ++ Executando: C:\Users\willi\Documents\GitHub\PROJECT_JARVIS_5.0\venv\Scripts\python.exe -m pip install fastapi...
2026-02-13 16:24:49,420 - INFO - ++ Executando: C:\Users\willi\Documents\GitHub\PROJECT_JARVIS_5.0\venv\Scripts\python.exe -m pip install uvicorn[standard]...
2026-02-13 16:24:50,668 - INFO - ++ Executando: C:\Users\willi\Documents\GitHub\PROJECT_JARVIS_5.0\venv\Scripts\python.exe -m pip install pywin32...
2026-02-13 16:24:51,897 - INFO - ++ Executando: C:\Users\willi\Documents\GitHub\PROJECT_JARVIS_5.0\venv\Scripts\python.exe -m pip install wmi...
2026-02-13 16:24:54,073 - INFO - ++ Executando: C:\Users\willi\Documents\GitHub\PROJECT_JARVIS_5.0\venv\Scripts\python.exe -m pip install screen-brightness-control...
2026-02-13 16:24:56,545 - INFO - ++ Executando: C:\Users\willi\Documents\GitHub\PROJECT_JARVIS_5.0\venv\Scripts\python.exe -m pip install resemblyzer...
2026-02-13 16:25:06,540 - INFO - [FIX] Finalizing environment constraints...
2026-02-13 16:25:06,542 - INFO - ++ Executando: C:\Users\willi\Documents\GitHub\PROJECT_JARVIS_5.0\venv\Scripts\python.exe -m pip install transformers...
2026-02-13 16:26:02,058 - INFO - [FIX] Enforcing NumPy 1.26.4 compatibility...
2026-02-13 16:26:02,061 - INFO - ++ Executando: C:\Users\willi\Documents\GitHub\PROJECT_JARVIS_5.0\venv\Scripts\python.exe -m pip uninstall numpy...
2026-02-13 16:26:10,884 - INFO - ++ Executando: C:\Users\willi\Documents\GitHub\PROJECT_JARVIS_5.0\venv\Scripts\python.exe -m pip install numpy==1.26.4...
2026-02-13 16:26:18,167 - INFO - 
==================================================
2026-02-13 16:26:18,168 - INFO - [DONE] INSTALACAO FINALIZADA!
2026-02-13 16:26:18,169 - INFO - Por favor, execute: python test_install.py
2026-02-13 16:26:18,169 - INFO - ==================================================
2026-02-13 16:30:47,453 - INFO - [INFO] Projeto detectado em: C:\Users\willi\Documents\GitHub\PROJECT_JARVIS_5.0
2026-02-13 16:30:47,454 - INFO - [START] INICIANDO INSTALACAO JARVIS 5.0 (CORRIGIDA)
2026-02-13 16:30:47,455 - INFO - ++ Executando: C:\Users\willi\Documents\GitHub\PROJECT_JARVIS_5.0\venv\Scripts\python.exe -m pip install --upgrade...
2026-02-13 16:30:48,990 - INFO - [SYS] Instalando PyTorch 2.4+...
2026-02-13 16:30:56,276 - INFO - [GPU] GPU detectada! Instalando PyTorch 2.4+ CUDA 12.1...
2026-02-13 16:30:56,276 - INFO - ++ Executando: C:\Users\willi\Documents\GitHub\PROJECT_JARVIS_5.0\venv\Scripts\python.exe -m pip install torch>=2.4.0...
2026-02-13 16:33:04,993 - INFO - [DOWN] Instalando dependencias basicas...
2026-02-13 16:33:04,997 - INFO - ++ Executando: C:\Users\willi\Documents\GitHub\PROJECT_JARVIS_5.0\venv\Scripts\python.exe -m pip install numpy==1.26.4...
2026-02-13 16:33:06,282 - INFO - ++ Executando: C:\Users\willi\Documents\GitHub\PROJECT_JARVIS_5.0\venv\Scripts\python.exe -m pip install pandas...
2026-02-13 16:33:07,056 - INFO - ++ Executando: C:\Users\willi\Documents\GitHub\PROJECT_JARVIS_5.0\venv\Scripts\python.exe -m pip install scipy...
2026-02-13 16:33:07,781 - INFO - ++ Executando: C:\Users\willi\Documents\GitHub\PROJECT_JARVIS_5.0\venv\Scripts\python.exe -m pip install pyyaml...
2026-02-13 16:33:08,524 - INFO - ++ Executando: C:\Users\willi\Documents\GitHub\PROJECT_JARVIS_5.0\venv\Scripts\python.exe -m pip install python-dotenv...
2026-02-13 16:33:09,271 - INFO - ++ Executando: C:\Users\willi\Documents\GitHub\PROJECT_JARVIS_5.0\venv\Scripts\python.exe -m pip install PyQt6...
2026-02-13 16:33:10,065 - INFO - ++ Executando: C:\Users\willi\Documents\GitHub\PROJECT_JARVIS_5.0\venv\Scripts\python.exe -m pip install customtkinter...
2026-02-13 16:33:10,793 - INFO - ++ Executando: C:\Users\willi\Documents\GitHub\PROJECT_JARVIS_5.0\venv\Scripts\python.exe -m pip install pillow...
2026-02-13 16:33:11,556 - INFO - ++ Executando: C:\Users\willi\Documents\GitHub\PROJECT_JARVIS_5.0\venv\Scripts\python.exe -m pip install opencv-python...
2026-02-13 16:33:20,789 - INFO - ++ Executando: C:\Users\willi\Documents\GitHub\PROJECT_JARVIS_5.0\venv\Scripts\python.exe -m pip install mss...
2026-02-13 16:33:21,528 - INFO - ++ Executando: C:\Users\willi\Documents\GitHub\PROJECT_JARVIS_5.0\venv\Scripts\python.exe -m pip install --force-reinstall...
2026-02-13 16:33:27,425 - INFO - ++ Executando: C:\Users\willi\Documents\GitHub\PROJECT_JARVIS_5.0\venv\Scripts\python.exe -m pip install ultralytics...
2026-02-13 16:33:41,280 - INFO - ++ Executando: C:\Users\willi\Documents\GitHub\PROJECT_JARVIS_5.0\venv\Scripts\python.exe -m pip install easyocr...
2026-02-13 16:33:42,377 - INFO - ++ Executando: C:\Users\willi\Documents\GitHub\PROJECT_JARVIS_5.0\venv\Scripts\python.exe -m pip install --force-reinstall...
2026-02-13 16:33:49,207 - INFO - [DOWN] Baixando dlib wheel: dlib-19.24.0-cp311-cp311-win_amd64.whl
2026-02-13 16:33:50,110 - WARNING - [WARN] Falha ao baixar de https://github.com/z-mahmud22/Dlib_Wheels/releases/download/v19.24.0/dlib-19.24.0-cp311-cp311-win_amd64.whl: HTTP Error 404: Not Found
2026-02-13 16:33:50,111 - INFO - [DOWN] Baixando dlib wheel: dlib-19.24.0-cp311-cp311-win_amd64.whl
2026-02-13 16:33:50,648 - WARNING - [WARN] Falha ao baixar de https://github.com/sachadee/Dlib-builds/releases/download/v19.24.0/dlib-19.24.0-cp311-cp311-win_amd64.whl: HTTP Error 404: Not Found
2026-02-13 16:33:50,649 - INFO - [DOWN] Baixando dlib wheel: dlib-19.24.1-cp311-cp311-win_amd64.whl
2026-02-13 16:33:52,035 - INFO - [SYS] Instalando dlib via wheel local: C:\Users\willi\AppData\Local\Temp\dlib-19.24.1-cp311-cp311-win_amd64.whl
2026-02-13 16:33:52,035 - INFO - ++ Executando: C:\Users\willi\Documents\GitHub\PROJECT_JARVIS_5.0\venv\Scripts\python.exe -m pip install C:\Users\willi\AppData\Local\Temp\dlib-19.24.1-cp311-cp311-win_amd64.whl...
2026-02-13 16:33:53,044 - INFO - [SYS] Instalando face_recognition completo...
2026-02-13 16:33:53,044 - INFO - [DOWN] Instalando face_recognition_models via git...
2026-02-13 16:33:53,044 - INFO - ++ Executando: C:\Users\willi\Documents\GitHub\PROJECT_JARVIS_5.0\venv\Scripts\python.exe -m pip install git+https://github.com/ageitgey/face_recognition_models...
2026-02-13 16:37:34,767 - INFO - ++ Executando: C:\Users\willi\Documents\GitHub\PROJECT_JARVIS_5.0\venv\Scripts\python.exe -m pip install face-recognition>=1.3.0...
2026-02-13 16:37:35,569 - INFO - [SYS] Instalando dependencias faltantes criticas...
2026-02-13 16:37:35,569 - INFO - ++ Executando: C:\Users\willi\Documents\GitHub\PROJECT_JARVIS_5.0\venv\Scripts\python.exe -m pip install typing...
2026-02-13 16:37:36,277 - INFO - ++ Executando: C:\Users\willi\Documents\GitHub\PROJECT_JARVIS_5.0\venv\Scripts\python.exe -m pip install webrtcvad>=2.0.10...
2026-02-13 16:37:40,034 - INFO - [DOWN] Instalando dependencias restantes (Voz, Web, etc.)...
2026-02-13 16:37:40,035 - INFO - ++ Executando: C:\Users\willi\Documents\GitHub\PROJECT_JARVIS_5.0\venv\Scripts\python.exe -m pip install optimum-intel[openvino,nncf]>=1.18.0...
2026-02-13 16:37:40,692 - INFO - ++ Executando: C:\Users\willi\Documents\GitHub\PROJECT_JARVIS_5.0\venv\Scripts\python.exe -m pip install openvino-dev>=2024.1.0...
2026-02-13 16:37:41,291 - INFO - ++ Executando: C:\Users\willi\Documents\GitHub\PROJECT_JARVIS_5.0\venv\Scripts\python.exe -m pip install onnxruntime>=1.17.0,<1.18.0...
2026-02-13 16:37:41,859 - INFO - ++ Executando: C:\Users\willi\Documents\GitHub\PROJECT_JARVIS_5.0\venv\Scripts\python.exe -m pip install transformers>=4.36,<4.54...
2026-02-13 16:38:02,565 - INFO - ++ Executando: C:\Users\willi\Documents\GitHub\PROJECT_JARVIS_5.0\venv\Scripts\python.exe -m pip install tokenizers...
2026-02-13 16:38:03,603 - INFO - ++ Executando: C:\Users\willi\Documents\GitHub\PROJECT_JARVIS_5.0\venv\Scripts\python.exe -m pip install sentence-transformers...
2026-02-13 16:38:04,533 - INFO - ++ Executando: C:\Users\willi\Documents\GitHub\PROJECT_JARVIS_5.0\venv\Scripts\python.exe -m pip install accelerate...
2026-02-13 16:38:05,431 - INFO - ++ Executando: C:\Users\willi\Documents\GitHub\PROJECT_JARVIS_5.0\venv\Scripts\python.exe -m pip install SpeechRecognition...
2026-02-13 16:38:06,226 - INFO - ++ Executando: C:\Users\willi\Documents\GitHub\PROJECT_JARVIS_5.0\venv\Scripts\python.exe -m pip install pyaudio...
2026-02-13 16:38:06,986 - INFO - ++ Executando: C:\Users\willi\Documents\GitHub\PROJECT_JARVIS_5.0\venv\Scripts\python.exe -m pip install pyttsx3...
2026-02-13 16:38:07,717 - INFO - ++ Executando: C:\Users\willi\Documents\GitHub\PROJECT_JARVIS_5.0\venv\Scripts\python.exe -m pip install edge-tts...
2026-02-13 16:38:08,551 - INFO - ++ Executando: C:\Users\willi\Documents\GitHub\PROJECT_JARVIS_5.0\venv\Scripts\python.exe -m pip install librosa...
2026-02-13 16:38:09,379 - INFO - ++ Executando: C:\Users\willi\Documents\GitHub\PROJECT_JARVIS_5.0\venv\Scripts\python.exe -m pip install soundfile...
2026-02-13 16:38:10,145 - INFO - ++ Executando: C:\Users\willi\Documents\GitHub\PROJECT_JARVIS_5.0\venv\Scripts\python.exe -m pip install faster-whisper...
2026-02-13 16:38:10,983 - INFO - ++ Executando: C:\Users\willi\Documents\GitHub\PROJECT_JARVIS_5.0\venv\Scripts\python.exe -m pip install webrtcvad-wheels...
2026-02-13 16:38:11,740 - INFO - ++ Executando: C:\Users\willi\Documents\GitHub\PROJECT_JARVIS_5.0\venv\Scripts\python.exe -m pip install pytesseract...
2026-02-13 16:38:12,564 - INFO - ++ Executando: C:\Users\willi\Documents\GitHub\PROJECT_JARVIS_5.0\venv\Scripts\python.exe -m pip install pyautogui...
2026-02-13 16:38:13,340 - INFO - ++ Executando: C:\Users\willi\Documents\GitHub\PROJECT_JARVIS_5.0\venv\Scripts\python.exe -m pip install psutil...
2026-02-13 16:38:14,200 - INFO - ++ Executando: C:\Users\willi\Documents\GitHub\PROJECT_JARVIS_5.0\venv\Scripts\python.exe -m pip install chromadb...
2026-02-13 16:38:15,171 - INFO - ++ Executando: C:\Users\willi\Documents\GitHub\PROJECT_JARVIS_5.0\venv\Scripts\python.exe -m pip install fastapi...
2026-02-13 16:38:16,128 - INFO - ++ Executando: C:\Users\willi\Documents\GitHub\PROJECT_JARVIS_5.0\venv\Scripts\python.exe -m pip install uvicorn[standard]...
2026-02-13 16:38:17,126 - INFO - ++ Executando: C:\Users\willi\Documents\GitHub\PROJECT_JARVIS_5.0\venv\Scripts\python.exe -m pip install pywin32...
2026-02-13 16:38:17,948 - INFO - ++ Executando: C:\Users\willi\Documents\GitHub\PROJECT_JARVIS_5.0\venv\Scripts\python.exe -m pip install wmi...
2026-02-13 16:38:18,771 - INFO - ++ Executando: C:\Users\willi\Documents\GitHub\PROJECT_JARVIS_5.0\venv\Scripts\python.exe -m pip install screen-brightness-control...
2026-02-13 16:38:19,618 - INFO - ++ Executando: C:\Users\willi\Documents\GitHub\PROJECT_JARVIS_5.0\venv\Scripts\python.exe -m pip install resemblyzer...
2026-02-13 16:38:24,266 - INFO - [FIX] Finalizing environment constraints...
2026-02-13 16:38:24,266 - INFO - ++ Executando: C:\Users\willi\Documents\GitHub\PROJECT_JARVIS_5.0\venv\Scripts\python.exe -m pip install transformers...
2026-02-13 16:38:45,307 - INFO - [FIX] Enforcing NumPy 1.26.4 compatibility...
2026-02-13 16:38:45,307 - INFO - ++ Executando: C:\Users\willi\Documents\GitHub\PROJECT_JARVIS_5.0\venv\Scripts\python.exe -m pip uninstall numpy...
2026-02-13 16:38:51,382 - INFO - ++ Executando: C:\Users\willi\Documents\GitHub\PROJECT_JARVIS_5.0\venv\Scripts\python.exe -m pip install numpy==1.26.4...
2026-02-13 16:38:56,672 - INFO - 
==================================================
2026-02-13 16:38:56,673 - INFO - [DONE] INSTALACAO FINALIZADA!
2026-02-13 16:38:56,674 - INFO - Por favor, execute: python test_install.py
2026-02-13 16:38:56,674 - INFO - ==================================================
2026-02-13 17:16:24,255 - INFO - [INFO] Projeto detectado em: C:\Users\willi\Documents\GitHub\PROJECT_JARVIS_5.0
2026-02-13 17:16:24,284 - INFO - [START] INICIANDO INSTALACAO JARVIS 5.0 (CORRIGIDA)
2026-02-13 17:16:24,292 - INFO - ++ Executando: C:\Users\willi\Documents\GitHub\PROJECT_JARVIS_5.0\venv\Scripts\python.exe -m pip install --upgrade...
2026-02-13 17:16:28,321 - INFO - [SYS] Instalando PyTorch 2.4+...
2026-02-13 17:16:29,690 - INFO - [GPU] GPU detectada! Instalando PyTorch 2.4+ CUDA 12.1...
2026-02-13 17:16:29,692 - INFO - ++ Executando: C:\Users\willi\Documents\GitHub\PROJECT_JARVIS_5.0\venv\Scripts\python.exe -m pip install torch>=2.4.0...
2026-02-13 17:16:31,974 - INFO - [DOWN] Instalando dependencias basicas...
2026-02-13 17:16:31,976 - INFO - ++ Executando: C:\Users\willi\Documents\GitHub\PROJECT_JARVIS_5.0\venv\Scripts\python.exe -m pip install numpy==1.26.4...
2026-02-13 17:16:33,768 - INFO - ++ Executando: C:\Users\willi\Documents\GitHub\PROJECT_JARVIS_5.0\venv\Scripts\python.exe -m pip install pandas...
2026-02-13 17:16:35,326 - INFO - ++ Executando: C:\Users\willi\Documents\GitHub\PROJECT_JARVIS_5.0\venv\Scripts\python.exe -m pip install scipy...
2026-02-13 17:16:37,050 - INFO - ++ Executando: C:\Users\willi\Documents\GitHub\PROJECT_JARVIS_5.0\venv\Scripts\python.exe -m pip install pyyaml...
2026-02-13 17:16:38,700 - INFO - ++ Executando: C:\Users\willi\Documents\GitHub\PROJECT_JARVIS_5.0\venv\Scripts\python.exe -m pip install python-dotenv...
2026-02-13 17:16:41,056 - INFO - ++ Executando: C:\Users\willi\Documents\GitHub\PROJECT_JARVIS_5.0\venv\Scripts\python.exe -m pip install PyQt6...
2026-02-13 17:16:43,301 - INFO - ++ Executando: C:\Users\willi\Documents\GitHub\PROJECT_JARVIS_5.0\venv\Scripts\python.exe -m pip install customtkinter...
2026-02-13 17:16:43,705 - INFO - ++ Executando: C:\Users\willi\Documents\GitHub\PROJECT_JARVIS_5.0\venv\Scripts\python.exe -m pip install pillow...
2026-02-13 17:16:45,368 - INFO - ++ Executando: C:\Users\willi\Documents\GitHub\PROJECT_JARVIS_5.0\venv\Scripts\python.exe -m pip install opencv-python...
2026-02-13 17:16:48,502 - INFO - ++ Executando: C:\Users\willi\Documents\GitHub\PROJECT_JARVIS_5.0\venv\Scripts\python.exe -m pip install mss...
2026-02-13 17:16:49,894 - INFO - ++ Executando: C:\Users\willi\Documents\GitHub\PROJECT_JARVIS_5.0\venv\Scripts\python.exe -m pip install --force-reinstall...
2026-02-13 17:16:55,310 - INFO - ++ Executando: C:\Users\willi\Documents\GitHub\PROJECT_JARVIS_5.0\venv\Scripts\python.exe -m pip install ultralytics...
2026-02-13 17:17:01,870 - INFO - ++ Executando: C:\Users\willi\Documents\GitHub\PROJECT_JARVIS_5.0\venv\Scripts\python.exe -m pip install easyocr...
2026-02-13 17:17:03,163 - INFO - ++ Executando: C:\Users\willi\Documents\GitHub\PROJECT_JARVIS_5.0\venv\Scripts\python.exe -m pip install --force-reinstall...
2026-02-13 17:17:11,424 - INFO - [DOWN] Baixando dlib wheel: dlib-19.24.0-cp311-cp311-win_amd64.whl
2026-02-13 17:17:12,051 - WARNING - [WARN] Falha ao baixar de https://github.com/z-mahmud22/Dlib_Wheels/releases/download/v19.24.0/dlib-19.24.0-cp311-cp311-win_amd64.whl: HTTP Error 404: Not Found
2026-02-13 17:17:12,053 - INFO - [DOWN] Baixando dlib wheel: dlib-19.24.0-cp311-cp311-win_amd64.whl
2026-02-13 17:17:12,580 - WARNING - [WARN] Falha ao baixar de https://github.com/sachadee/Dlib-builds/releases/download/v19.24.0/dlib-19.24.0-cp311-cp311-win_amd64.whl: HTTP Error 404: Not Found
2026-02-13 17:17:12,582 - INFO - [DOWN] Baixando dlib wheel: dlib-19.24.1-cp311-cp311-win_amd64.whl
2026-02-13 17:17:13,999 - INFO - [SYS] Instalando dlib via wheel local: C:\Users\willi\AppData\Local\Temp\dlib-19.24.1-cp311-cp311-win_amd64.whl
2026-02-13 17:17:14,000 - INFO - ++ Executando: C:\Users\willi\Documents\GitHub\PROJECT_JARVIS_5.0\venv\Scripts\python.exe -m pip install C:\Users\willi\AppData\Local\Temp\dlib-19.24.1-cp311-cp311-win_amd64.whl...
2026-02-13 17:17:15,337 - INFO - [SYS] Instalando face_recognition completo...
2026-02-13 17:17:15,337 - INFO - [DOWN] Instalando face_recognition_models via git...
2026-02-13 17:17:15,337 - INFO - ++ Executando: C:\Users\willi\Documents\GitHub\PROJECT_JARVIS_5.0\venv\Scripts\python.exe -m pip install git+https://github.com/ageitgey/face_recognition_models...
2026-02-13 17:45:11,338 - INFO - [INFO] Projeto detectado em: C:\Users\willi\Documents\GitHub\PROJECT_JARVIS_5.0
2026-02-13 17:45:11,338 - INFO - [START] INICIANDO INSTALACAO JARVIS 5.0 (CORRIGIDA)
2026-02-13 17:45:11,338 - INFO - ++ Executando: C:\Users\willi\Documents\GitHub\PROJECT_JARVIS_5.0\venv\Scripts\python.exe -m pip install --upgrade...
2026-02-13 17:45:13,292 - INFO - [SYS] Instalando PyTorch 2.4+...
2026-02-13 17:45:29,587 - INFO - [GPU] GPU detectada! Instalando PyTorch 2.4+ CUDA 12.1...
2026-02-13 17:45:29,587 - INFO - ++ Executando: C:\Users\willi\Documents\GitHub\PROJECT_JARVIS_5.0\venv\Scripts\python.exe -m pip install torch>=2.4.0...
2026-02-13 17:48:03,992 - INFO - [DOWN] Instalando dependencias basicas...
2026-02-13 17:48:03,994 - INFO - ++ Executando: C:\Users\willi\Documents\GitHub\PROJECT_JARVIS_5.0\venv\Scripts\python.exe -m pip install numpy==1.26.4...
2026-02-13 17:48:05,695 - INFO - ++ Executando: C:\Users\willi\Documents\GitHub\PROJECT_JARVIS_5.0\venv\Scripts\python.exe -m pip install pandas...
2026-02-13 17:48:06,753 - INFO - ++ Executando: C:\Users\willi\Documents\GitHub\PROJECT_JARVIS_5.0\venv\Scripts\python.exe -m pip install scipy...
2026-02-13 17:48:07,685 - INFO - ++ Executando: C:\Users\willi\Documents\GitHub\PROJECT_JARVIS_5.0\venv\Scripts\python.exe -m pip install pyyaml...
2026-02-13 17:48:08,657 - INFO - ++ Executando: C:\Users\willi\Documents\GitHub\PROJECT_JARVIS_5.0\venv\Scripts\python.exe -m pip install python-dotenv...
2026-02-13 17:48:09,590 - INFO - ++ Executando: C:\Users\willi\Documents\GitHub\PROJECT_JARVIS_5.0\venv\Scripts\python.exe -m pip install PyQt6...
2026-02-13 17:48:10,530 - INFO - ++ Executando: C:\Users\willi\Documents\GitHub\PROJECT_JARVIS_5.0\venv\Scripts\python.exe -m pip install customtkinter...
2026-02-13 17:48:11,549 - INFO - ++ Executando: C:\Users\willi\Documents\GitHub\PROJECT_JARVIS_5.0\venv\Scripts\python.exe -m pip install pillow...
2026-02-13 17:48:12,396 - INFO - ++ Executando: C:\Users\willi\Documents\GitHub\PROJECT_JARVIS_5.0\venv\Scripts\python.exe -m pip install opencv-python...
2026-02-13 17:48:22,911 - INFO - ++ Executando: C:\Users\willi\Documents\GitHub\PROJECT_JARVIS_5.0\venv\Scripts\python.exe -m pip install mss...
2026-02-13 17:48:23,989 - INFO - ++ Executando: C:\Users\willi\Documents\GitHub\PROJECT_JARVIS_5.0\venv\Scripts\python.exe -m pip install --force-reinstall...
2026-02-13 17:48:29,426 - INFO - ++ Executando: C:\Users\willi\Documents\GitHub\PROJECT_JARVIS_5.0\venv\Scripts\python.exe -m pip install ultralytics...
2026-02-13 17:48:36,849 - INFO - ++ Executando: C:\Users\willi\Documents\GitHub\PROJECT_JARVIS_5.0\venv\Scripts\python.exe -m pip install easyocr...
2026-02-13 17:48:37,948 - INFO - ++ Executando: C:\Users\willi\Documents\GitHub\PROJECT_JARVIS_5.0\venv\Scripts\python.exe -m pip install --force-reinstall...
2026-02-13 17:48:43,752 - INFO - [DOWN] Baixando dlib wheel: dlib-19.24.0-cp311-cp311-win_amd64.whl
2026-02-13 17:48:44,408 - WARNING - [WARN] Falha ao baixar de https://github.com/z-mahmud22/Dlib_Wheels/releases/download/v19.24.0/dlib-19.24.0-cp311-cp311-win_amd64.whl: HTTP Error 404: Not Found
2026-02-13 17:48:44,409 - INFO - [DOWN] Baixando dlib wheel: dlib-19.24.0-cp311-cp311-win_amd64.whl
2026-02-13 17:48:44,887 - WARNING - [WARN] Falha ao baixar de https://github.com/sachadee/Dlib-builds/releases/download/v19.24.0/dlib-19.24.0-cp311-cp311-win_amd64.whl: HTTP Error 404: Not Found
2026-02-13 17:48:44,888 - INFO - [DOWN] Baixando dlib wheel: dlib-19.24.1-cp311-cp311-win_amd64.whl
2026-02-13 17:48:46,326 - INFO - [SYS] Instalando dlib via wheel local: C:\Users\willi\AppData\Local\Temp\dlib-19.24.1-cp311-cp311-win_amd64.whl
2026-02-13 17:48:46,326 - INFO - ++ Executando: C:\Users\willi\Documents\GitHub\PROJECT_JARVIS_5.0\venv\Scripts\python.exe -m pip install C:\Users\willi\AppData\Local\Temp\dlib-19.24.1-cp311-cp311-win_amd64.whl...
2026-02-13 17:48:48,962 - INFO - [SYS] Instalando face_recognition completo...
2026-02-13 17:48:48,962 - INFO - [DOWN] Instalando face_recognition_models via git...
2026-02-13 17:48:48,962 - INFO - ++ Executando: C:\Users\willi\Documents\GitHub\PROJECT_JARVIS_5.0\venv\Scripts\python.exe -m pip install git+https://github.com/ageitgey/face_recognition_models...
2026-02-13 17:49:01,673 - INFO - ++ Executando: C:\Users\willi\Documents\GitHub\PROJECT_JARVIS_5.0\venv\Scripts\python.exe -m pip install face-recognition>=1.3.0...
2026-02-13 17:49:02,544 - INFO - [SYS] Instalando dependencias faltantes criticas...
2026-02-13 17:49:02,544 - INFO - ++ Executando: C:\Users\willi\Documents\GitHub\PROJECT_JARVIS_5.0\venv\Scripts\python.exe -m pip install typing...
2026-02-13 17:49:03,409 - INFO - ++ Executando: C:\Users\willi\Documents\GitHub\PROJECT_JARVIS_5.0\venv\Scripts\python.exe -m pip install webrtcvad>=2.0.10...
2026-02-13 17:49:07,665 - INFO - [DOWN] Instalando dependencias restantes (Voz, Web, etc.)...
2026-02-13 17:49:07,666 - INFO - ++ Executando: C:\Users\willi\Documents\GitHub\PROJECT_JARVIS_5.0\venv\Scripts\python.exe -m pip install optimum-intel[openvino,nncf]>=1.18.0...
2026-02-13 17:49:08,314 - INFO - ++ Executando: C:\Users\willi\Documents\GitHub\PROJECT_JARVIS_5.0\venv\Scripts\python.exe -m pip install openvino-dev>=2024.1.0...
2026-02-13 17:49:08,955 - INFO - ++ Executando: C:\Users\willi\Documents\GitHub\PROJECT_JARVIS_5.0\venv\Scripts\python.exe -m pip install onnxruntime>=1.17.0,<1.18.0...
2026-02-13 17:49:09,605 - INFO - ++ Executando: C:\Users\willi\Documents\GitHub\PROJECT_JARVIS_5.0\venv\Scripts\python.exe -m pip install transformers>=4.36,<4.54...
2026-02-13 17:49:32,897 - INFO - ++ Executando: C:\Users\willi\Documents\GitHub\PROJECT_JARVIS_5.0\venv\Scripts\python.exe -m pip install tokenizers...
2026-02-13 17:49:34,037 - INFO - ++ Executando: C:\Users\willi\Documents\GitHub\PROJECT_JARVIS_5.0\venv\Scripts\python.exe -m pip install sentence-transformers...
2026-02-13 17:49:35,022 - INFO - ++ Executando: C:\Users\willi\Documents\GitHub\PROJECT_JARVIS_5.0\venv\Scripts\python.exe -m pip install accelerate...
2026-02-13 17:49:35,884 - INFO - ++ Executando: C:\Users\willi\Documents\GitHub\PROJECT_JARVIS_5.0\venv\Scripts\python.exe -m pip install SpeechRecognition...
2026-02-13 17:49:36,749 - INFO - ++ Executando: C:\Users\willi\Documents\GitHub\PROJECT_JARVIS_5.0\venv\Scripts\python.exe -m pip install pyaudio...
2026-02-13 17:49:37,588 - INFO - ++ Executando: C:\Users\willi\Documents\GitHub\PROJECT_JARVIS_5.0\venv\Scripts\python.exe -m pip install pyttsx3...
2026-02-13 17:49:38,432 - INFO - ++ Executando: C:\Users\willi\Documents\GitHub\PROJECT_JARVIS_5.0\venv\Scripts\python.exe -m pip install edge-tts...
2026-02-13 17:49:39,306 - INFO - ++ Executando: C:\Users\willi\Documents\GitHub\PROJECT_JARVIS_5.0\venv\Scripts\python.exe -m pip install librosa...
2026-02-13 17:49:40,183 - INFO - ++ Executando: C:\Users\willi\Documents\GitHub\PROJECT_JARVIS_5.0\venv\Scripts\python.exe -m pip install soundfile...
2026-02-13 17:49:41,072 - INFO - ++ Executando: C:\Users\willi\Documents\GitHub\PROJECT_JARVIS_5.0\venv\Scripts\python.exe -m pip install faster-whisper...
2026-02-13 17:49:41,971 - INFO - ++ Executando: C:\Users\willi\Documents\GitHub\PROJECT_JARVIS_5.0\venv\Scripts\python.exe -m pip install webrtcvad-wheels...
2026-02-13 17:49:42,817 - INFO - ++ Executando: C:\Users\willi\Documents\GitHub\PROJECT_JARVIS_5.0\venv\Scripts\python.exe -m pip install pytesseract...
2026-02-13 17:49:43,690 - INFO - ++ Executando: C:\Users\willi\Documents\GitHub\PROJECT_JARVIS_5.0\venv\Scripts\python.exe -m pip install pyautogui...
2026-02-13 17:49:44,557 - INFO - ++ Executando: C:\Users\willi\Documents\GitHub\PROJECT_JARVIS_5.0\venv\Scripts\python.exe -m pip install psutil...
2026-02-13 17:49:45,422 - INFO - ++ Executando: C:\Users\willi\Documents\GitHub\PROJECT_JARVIS_5.0\venv\Scripts\python.exe -m pip install chromadb...
2026-02-13 17:49:46,479 - INFO - ++ Executando: C:\Users\willi\Documents\GitHub\PROJECT_JARVIS_5.0\venv\Scripts\python.exe -m pip install fastapi...
2026-02-13 17:49:47,359 - INFO - ++ Executando: C:\Users\willi\Documents\GitHub\PROJECT_JARVIS_5.0\venv\Scripts\python.exe -m pip install uvicorn[standard]...
2026-02-13 17:49:48,224 - INFO - ++ Executando: C:\Users\willi\Documents\GitHub\PROJECT_JARVIS_5.0\venv\Scripts\python.exe -m pip install pywin32...
2026-02-13 17:49:49,071 - INFO - ++ Executando: C:\Users\willi\Documents\GitHub\PROJECT_JARVIS_5.0\venv\Scripts\python.exe -m pip install wmi...
2026-02-13 17:49:49,932 - INFO - ++ Executando: C:\Users\willi\Documents\GitHub\PROJECT_JARVIS_5.0\venv\Scripts\python.exe -m pip install screen-brightness-control...
2026-02-13 17:49:50,804 - INFO - ++ Executando: C:\Users\willi\Documents\GitHub\PROJECT_JARVIS_5.0\venv\Scripts\python.exe -m pip install resemblyzer...
2026-02-13 17:49:55,063 - INFO - ++ Executando: C:\Users\willi\Documents\GitHub\PROJECT_JARVIS_5.0\venv\Scripts\python.exe -m pip install face-recognition>=1.3.0...
2026-02-13 17:49:55,947 - INFO - [FIX] Finalizing environment constraints...
2026-02-13 17:49:55,947 - INFO - ++ Executando: C:\Users\willi\Documents\GitHub\PROJECT_JARVIS_5.0\venv\Scripts\python.exe -m pip install transformers...
2026-02-13 17:50:12,421 - INFO - [FIX] Enforcing NumPy 1.26.4 compatibility...
2026-02-13 17:50:12,422 - INFO - ++ Executando: C:\Users\willi\Documents\GitHub\PROJECT_JARVIS_5.0\venv\Scripts\python.exe -m pip uninstall numpy...
2026-02-13 17:50:17,563 - INFO - ++ Executando: C:\Users\willi\Documents\GitHub\PROJECT_JARVIS_5.0\venv\Scripts\python.exe -m pip install numpy==1.26.4...
2026-02-13 17:50:24,802 - INFO - 
==================================================
2026-02-13 17:50:24,803 - INFO - [DONE] INSTALACAO FINALIZADA!
2026-02-13 17:50:24,803 - INFO - Por favor, execute: python test_install.py
2026-02-13 17:50:24,803 - INFO - ==================================================
